<?xml version="1.0" encoding="UTF-8" ?>
<testsuite tests="24" failures="0" name="pt.tecnico.drivedb.service.ExecuteFileTest" time="0.781" errors="0" skipped="0">
  <properties>
[...]
</properties>
  <testcase classname="pt.tecnico.drivedb.service.ExecuteFileTest" name="sucessExecuteComplexPlainFile" time="0.032"/>
  <testcase classname="pt.tecnico.drivedb.service.ExecuteFileTest" name="isNotTextFile" time="0"/>
  <testcase classname="pt.tecnico.drivedb.service.ExecuteFileTest" name="invalidNonExistentFile" time="0.062"/>
  <testcase classname="pt.tecnico.drivedb.service.ExecuteFileTest" name="sucessLinkToApp" time="0.016"/>
  <testcase classname="pt.tecnico.drivedb.service.ExecuteFileTest" name="insucessLinkToApp" time="0.015"/>
  <testcase classname="pt.tecnico.drivedb.service.ExecuteFileTest" name="noPermissionExecutingFileWithExtension" time="0.063"/>
  <testcase classname="pt.tecnico.drivedb.service.ExecuteFileTest" name="successLinkWithEnvVarEndOfPath" time="0.078"/>
  <testcase classname="pt.tecnico.drivedb.service.ExecuteFileTest" name="sucessExecuteAppWithPath" time="0.016"/>
  <testcase classname="pt.tecnico.drivedb.service.ExecuteFileTest" name="sucessExecuteApp" time="0.015"/>
  <testcase classname="pt.tecnico.drivedb.service.ExecuteFileTest" name="invalidExtensionHasNotAppAssociation" time="0.063"/>
  <testcase classname="pt.tecnico.drivedb.service.ExecuteFileTest" name="successLinkWithEnvVar" time="0.093"/>
  <testcase classname="pt.tecnico.drivedb.service.ExecuteFileTest" name="sucessLinkToPlainFile" time="0.016"/>
  <testcase classname="pt.tecnico.drivedb.service.ExecuteFileTest" name="appWithOmmitedMethod" time="0.031"/>
  <testcase classname="pt.tecnico.drivedb.service.ExecuteFileTest" name="PlainFileWithContentNotExecutable" time="0"/>
  <testcase classname="pt.tecnico.drivedb.service.ExecuteFileTest" name="expiredSession" time="0"/>
  <testcase classname="pt.tecnico.drivedb.service.ExecuteFileTest" name="sucessExecuteSimplePlainFile" time="0.016"/>
  <testcase classname="pt.tecnico.drivedb.service.ExecuteFileTest" name="insucessExecuteApp" time="0"/>
  <testcase classname="pt.tecnico.drivedb.service.ExecuteFileTest" name="invalidToken" time="0.015"/>
  <testcase classname="pt.tecnico.drivedb.service.ExecuteFileTest" name="insucessLinkToPlainFile" time="0.016"/>
  <testcase classname="pt.tecnico.drivedb.service.ExecuteFileTest" name="invalidPathLinkWithEnvVarNonExistent" time="0.047"/>
  <testcase classname="pt.tecnico.drivedb.service.ExecuteFileTest" name="emptyApp" time="0.015"/>
  <testcase classname="pt.tecnico.drivedb.service.ExecuteFileTest" name="sucessExecutingFileWithExtension" time="0.078"/>
  <testcase classname="pt.tecnico.drivedb.service.ExecuteFileTest" name="invalidPathLinkWithEnvVar" time="0.079"/>
  <testcase classname="pt.tecnico.drivedb.service.ExecuteFileTest" name="expiredRootSession" time="0.015"/>
</testsuite>